<?xml version="1.0" encoding="UTF-8"?>
<!-- Generated by org.testng.reporters.JUnitReportReporter -->
<testsuite skipped="0" hostname="raktim-H81M-S" name="test.GoaptiveAdmin" tests="1" failures="0" timestamp="19 Mar 2019 14:31:25 GMT" time="171.643" errors="0">
  <testcase name="Test" time="171.643" classname="test.GoaptiveAdmin"/>
</testsuite> <!-- test.GoaptiveAdmin -->
