<?xml version="1.0" encoding="UTF-8"?>
<!-- Generated by org.testng.reporters.JUnitReportReporter -->
<testsuite skipped="0" hostname="raktim-H81M-S" name="test.TestNg_Demo" tests="2" failures="0" timestamp="14 Mar 2019 11:00:27 GMT" time="15.349" errors="0">
  <testcase name="goaptiveAdminLogin" time="12.423" classname="test.TestNg_Demo"/>
  <testcase name="setUpTest" time="2.926" classname="test.TestNg_Demo"/>
</testsuite> <!-- test.TestNg_Demo -->
